<?xml version="1.0" encoding="UTF-8"?>
<testsuite name="EmailTest" tests="1" skipped="0" failures="0" errors="0" timestamp="2024-02-15T00:56:19" hostname="DESKTOP-RMDJJAU" time="0.087">
  <properties/>
  <testcase name="test uniqueEmailsNum with emails containing plus symbol()" classname="EmailTest" time="0.087"/>
  <system-out><![CDATA[]]></system-out>
  <system-err><![CDATA[]]></system-err>
</testsuite>
