<?xml version="1.0" encoding="UTF-8"?>
<testsuite name="md.HtmlTest" tests="1" skipped="0" failures="0" errors="0" timestamp="2023-08-04T18:09:43" hostname="DESKTOP-RMDJJAU" time="0.179">
  <properties/>
  <testcase name="navHtml()" classname="md.HtmlTest" time="0.179"/>
  <system-out><![CDATA[<nav>
  <a class="home" href="/">
    <span class="material-symbols-rounded">
      home
    </span>
    <span>
      Blog
    </span>
  </a>
  <div class="article">
    <a class="title" href="#">
      FP in Kotlin
    </a>
    <ul>
      <li>
        <a href="#pipe-operator">
          Pipe Operator
        </a>
        <ul>
          <li>
            <a href="#defining-a-pipe-operator">
              Defining a Pipe Operator
            </a>
            <ul>
              <li>
                <a href="#finding-a-suitable-symbol">
                  Finding a Suitable Symbol
                </a>
              </li>
              <li>
                <a href="#language-features">
                  Language Features
                </a>
              </li>
              <li>
                <a href="#operator-definition">
                  Operator Definition
                </a>
              </li>
              <li>
                <a href="#usage-example">
                  Usage Example
                </a>
              </li>
              <li>
                <a href="#functional-language-design">
                  Functional Language Design
                </a>
              </li>
              <li>
                <a href="#custom-pipe-in-kotlin">
                  Custom Pipe in Kotlin
                </a>
              </li>
            </ul>
          </li>
          <li>
            <a href="#options-for-a-pipe-operator-in-kotlin">
              Options for a Pipe Operator in Kotlin
            </a>
          </li>
        </ul>
      </li>
      <li>
        <a href="#designing-functional-languages-in-kotlin">
          Designing Functional Languages in Kotlin
        </a>
      </li>
    </ul>
  </div>
</nav>
<nav>
  <a class="home" href="/">
    <span class="material-symbols-rounded">
      home
    </span>
    <span>
      Blog
    </span>
  </a>
  <div class="article">
    <a class="title" href="#">
      FP in Kotlin
    </a>
    <ul>
      <li>
        <a href="#pipe-operator">
          Pipe Operator
        </a>
        <ul>
          <li>
            <a href="#defining-a-pipe-operator">
              Defining a Pipe Operator
            </a>
            <ul>
              <li>
                <a href="#finding-a-suitable-symbol">
                  Finding a Suitable Symbol
                </a>
              </li>
              <li>
                <a href="#language-features">
                  Language Features
                </a>
              </li>
              <li>
                <a href="#operator-definition">
                  Operator Definition
                </a>
              </li>
              <li>
                <a href="#usage-example">
                  Usage Example
                </a>
              </li>
              <li>
                <a href="#functional-language-design">
                  Functional Language Design
                </a>
              </li>
              <li>
                <a href="#custom-pipe-in-kotlin">
                  Custom Pipe in Kotlin
                </a>
              </li>
            </ul>
          </li>
          <li>
            <a href="#options-for-a-pipe-operator-in-kotlin">
              Options for a Pipe Operator in Kotlin
            </a>
          </li>
        </ul>
      </li>
      <li>
        <a href="#designing-functional-languages-in-kotlin">
          Designing Functional Languages in Kotlin
        </a>
      </li>
    </ul>
  </div>
</nav>
]]></system-out>
  <system-err><![CDATA[]]></system-err>
</testsuite>
